# JRE version: Java(TM) SE Runtime Environment (24.0.2+12) (build 24.0.2+12-54)
# Java VM: Java HotSpot(TM) 64-Bit Server VM (24.0.2+12-54, mixed mode, sharing, tiered, compressed oops, compressed class ptrs, g1 gc, windows-amd64)
GC Precious Log:
 CardTable entry size: 512
 Card Set container configuration: InlinePtr #cards 4 size 8 Array Of Cards #cards 16 size 48 Howl #buckets 8 coarsen threshold 3686 Howl Bitmap #cards 512 size 80 coarsen threshold 460 Card regions per heap region 1 cards per card region 4096
 CPUs: 8 total, 8 available
 Memory: 16251M
 Large Page Support: Disabled
 NUMA Support: Disabled
 Compressed Oops: Enabled (Zero based)
 Heap Region Size: 2M
 Heap Min Capacity: 8M
 Heap Initial Capacity: 254M
 Heap Max Capacity: 4064M
 Pre-touch: Disabled
 Parallel Workers: 8
 Concurrent Workers: 2
 Concurrent Refinement Workers: 8
 Periodic GC: Disabled
Heap:
 garbage-first heap   total reserved 4161536K, committed 69632K, used 42325K [0x0000000702000000, 0x0000000800000000)
  region size 2048K, 19 young (38912K), 7 survivors (14336K)
 Metaspace       used 27563K, committed 27968K, reserved 1114112K
  class space    used 3350K, committed 3520K, reserved 1048576K
GC Heap History (6 events):
Event: 2.676 GC heap before
{Heap before GC invocations=0 (full 0):
 garbage-first heap   total reserved 4161536K, committed 262144K, used 48244K [0x0000000702000000, 0x0000000800000000)
  region size 2048K, 24 young (49152K), 0 survivors (0K)
 Metaspace       used 15586K, committed 15808K, reserved 1114112K
  class space    used 1496K, committed 1600K, reserved 1048576K
}
Event: 2.689 GC heap after
{Heap after GC invocations=1 (full 0):
 garbage-first heap   total reserved 4161536K, committed 262144K, used 7177K [0x0000000702000000, 0x0000000800000000)
  region size 2048K, 3 young (6144K), 3 survivors (6144K)
 Metaspace       used 15586K, committed 15808K, reserved 1114112K
  class space    used 1496K, committed 1600K, reserved 1048576K
}
Event: 3.754 GC heap before
{Heap before GC invocations=1 (full 0):
 garbage-first heap   total reserved 4161536K, committed 262144K, used 44041K [0x0000000702000000, 0x0000000800000000)
  region size 2048K, 21 young (43008K), 3 survivors (6144K)
 Metaspace       used 21284K, committed 21504K, reserved 1114112K
  class space    used 2459K, committed 2560K, reserved 1048576K
}
Event: 3.762 GC heap after
{Heap after GC invocations=2 (full 0):
 garbage-first heap   total reserved 4161536K, committed 262144K, used 14682K [0x0000000702000000, 0x0000000800000000)
  region size 2048K, 5 young (10240K), 5 survivors (10240K)
 Metaspace       used 21284K, committed 21504K, reserved 1114112K
  class space    used 2459K, committed 2560K, reserved 1048576K
}
Event: 18.034 GC heap before
{Heap before GC invocations=3 (full 0):
 garbage-first heap   total reserved 4161536K, committed 55296K, used 53594K [0x0000000702000000, 0x0000000800000000)
  region size 2048K, 23 young (47104K), 5 survivors (10240K)
 Metaspace       used 26311K, committed 26624K, reserved 1114112K
  class space    used 3267K, committed 3392K, reserved 1048576K
}
Event: 18.049 GC heap after
{Heap after GC invocations=4 (full 0):
 garbage-first heap   total reserved 4161536K, committed 69632K, used 19797K [0x0000000702000000, 0x0000000800000000)
  region size 2048K, 7 young (14336K), 7 survivors (14336K)
 Metaspace       used 26311K, committed 26624K, reserved 1114112K
  class space    used 3267K, committed 3392K, reserved 1048576K
}

